This is pdfTeX, Version 3.14159265-2.6-1.40.20 (TeX Live 2019/Debian) (preloaded format=pdflatex 2020.12.30)  8 OCT 2021 16:00
entering extended mode
 restricted \write18 enabled.
 file:line:error style messages enabled.
 %&-line parsing enabled.
**/home/jonathan/code/tlab/tlab_ibm/doc/manual.tex
(/home/jonathan/code/tlab/tlab_ibm/doc/manual.tex
LaTeX2e <2020-02-02> patch level 2
L3 programming layer <2020-02-14> (/usr/share/texlive/texmf-dist/tex/latex/base/book.cls
Document Class: book 2019/12/20 v1.4l Standard LaTeX document class
(/usr/share/texlive/texmf-dist/tex/latex/base/bk11.clo
File: bk11.clo 2019/12/20 v1.4l Standard LaTeX file (size option)
)
\c@part=\count167
\c@chapter=\count168
\c@section=\count169
\c@subsection=\count170
\c@subsubsection=\count171
\c@paragraph=\count172
\c@subparagraph=\count173
\c@figure=\count174
\c@table=\count175
\abovecaptionskip=\skip47
\belowcaptionskip=\skip48
\bibindent=\dimen134
) (/usr/share/texlive/texmf-dist/tex/latex/amsmath/amsmath.sty
Package: amsmath 2020/01/20 v2.17e AMS math features
\@mathmargin=\skip49

For additional information on amsmath, use the `?' option.
(/usr/share/texlive/texmf-dist/tex/latex/amsmath/amstext.sty
Package: amstext 2000/06/29 v2.01 AMS text
 (/usr/share/texlive/texmf-dist/tex/latex/amsmath/amsgen.sty
File: amsgen.sty 1999/11/30 v2.0 generic functions
\@emptytoks=\toks14
\ex@=\dimen135
)) (/usr/share/texlive/texmf-dist/tex/latex/amsmath/amsbsy.sty
Package: amsbsy 1999/11/29 v1.2d Bold Symbols
\pmbraise@=\dimen136
) (/usr/share/texlive/texmf-dist/tex/latex/amsmath/amsopn.sty
Package: amsopn 2016/03/08 v2.02 operator names
)
\inf@bad=\count176
LaTeX Info: Redefining \frac on input line 227.
\uproot@=\count177
\leftroot@=\count178
LaTeX Info: Redefining \overline on input line 389.
\classnum@=\count179
\DOTSCASE@=\count180
LaTeX Info: Redefining \ldots on input line 486.
LaTeX Info: Redefining \dots on input line 489.
LaTeX Info: Redefining \cdots on input line 610.
\Mathstrutbox@=\box45
\strutbox@=\box46
\big@size=\dimen137
LaTeX Font Info:    Redeclaring font encoding OML on input line 733.
LaTeX Font Info:    Redeclaring font encoding OMS on input line 734.
\macc@depth=\count181
\c@MaxMatrixCols=\count182
\dotsspace@=\muskip16
\c@parentequation=\count183
\dspbrk@lvl=\count184
\tag@help=\toks15
\row@=\count185
\column@=\count186
\maxfields@=\count187
\andhelp@=\toks16
\eqnshift@=\dimen138
\alignsep@=\dimen139
\tagshift@=\dimen140
\tagwidth@=\dimen141
\totwidth@=\dimen142
\lineht@=\dimen143
\@envbody=\toks17
\multlinegap=\skip50
\multlinetaggap=\skip51
\mathdisplay@stack=\toks18
LaTeX Info: Redefining \[ on input line 2859.
LaTeX Info: Redefining \] on input line 2860.
) (/usr/share/texlive/texmf-dist/tex/latex/amsfonts/amssymb.sty
Package: amssymb 2013/01/14 v3.01 AMS font symbols
 (/usr/share/texlive/texmf-dist/tex/latex/amsfonts/amsfonts.sty
Package: amsfonts 2013/01/14 v3.01 Basic AMSFonts support
\symAMSa=\mathgroup4
\symAMSb=\mathgroup5
LaTeX Font Info:    Redeclaring math symbol \hbar on input line 98.
LaTeX Font Info:    Overwriting math alphabet `\mathfrak' in version `bold'
(Font)                  U/euf/m/n --> U/euf/b/n on input line 106.
)) (/usr/share/texlive/texmf-dist/tex/latex/graphics/graphicx.sty
Package: graphicx 2019/11/30 v1.2a Enhanced LaTeX Graphics (DPC,SPQR)
 (/usr/share/texlive/texmf-dist/tex/latex/graphics/keyval.sty
Package: keyval 2014/10/28 v1.15 key=value parser (DPC)
\KV@toks@=\toks19
) (/usr/share/texlive/texmf-dist/tex/latex/graphics/graphics.sty
Package: graphics 2019/11/30 v1.4a Standard LaTeX Graphics (DPC,SPQR)
 (/usr/share/texlive/texmf-dist/tex/latex/graphics/trig.sty
Package: trig 2016/01/03 v1.10 sin cos tan (DPC)
) (/usr/share/texlive/texmf-dist/tex/latex/graphics-cfg/graphics.cfg
File: graphics.cfg 2016/06/04 v1.11 sample graphics configuration
)
Package graphics Info: Driver file: pdftex.def on input line 105.
 (/usr/share/texlive/texmf-dist/tex/latex/graphics-def/pdftex.def
File: pdftex.def 2018/01/08 v1.0l Graphics/color driver for pdftex
))
\Gin@req@height=\dimen144
\Gin@req@width=\dimen145
) (/usr/share/texlive/texmf-dist/tex/latex/enumitem/enumitem.sty
Package: enumitem 2019/06/20 v3.9 Customized lists
\labelindent=\skip52
\enit@outerparindent=\dimen146
\enit@toks=\toks20
\enit@inbox=\box47
\enit@count@id=\count188
\enitdp@description=\count189
) (/usr/share/texlive/texmf-dist/tex/latex/fancyhdr/fancyhdr.sty
Package: fancyhdr 2019/01/31 v3.10 Extensive control of page headers and footers
\f@nch@headwidth=\skip53
\f@nch@O@elh=\skip54
\f@nch@O@erh=\skip55
\f@nch@O@olh=\skip56
\f@nch@O@orh=\skip57
\f@nch@O@elf=\skip58
\f@nch@O@erf=\skip59
\f@nch@O@olf=\skip60
\f@nch@O@orf=\skip61
) (/usr/share/texlive/texmf-dist/tex/latex/xcolor/xcolor.sty
Package: xcolor 2016/05/11 v2.12 LaTeX color extensions (UK)
 (/usr/share/texlive/texmf-dist/tex/latex/graphics-cfg/color.cfg
File: color.cfg 2016/01/02 v1.6 sample color configuration
)
Package xcolor Info: Driver file: pdftex.def on input line 225.
 (/usr/share/texlive/texmf-dist/tex/latex/colortbl/colortbl.sty
Package: colortbl 2020/01/04 v1.0e Color table columns (DPC)
 (/usr/share/texlive/texmf-dist/tex/latex/tools/array.sty
Package: array 2019/08/31 v2.4l Tabular extension package (FMi)
\col@sep=\dimen147
\ar@mcellbox=\box48
\extrarowheight=\dimen148
\NC@list=\toks21
\extratabsurround=\skip62
\backup@length=\skip63
\ar@cellbox=\box49
)
\everycr=\toks22
\minrowclearance=\skip64
)
\rownum=\count190
Package xcolor Info: Model `cmy' substituted by `cmy0' on input line 1348.
Package xcolor Info: Model `hsb' substituted by `rgb' on input line 1352.
Package xcolor Info: Model `RGB' extended on input line 1364.
Package xcolor Info: Model `HTML' substituted by `rgb' on input line 1366.
Package xcolor Info: Model `Hsb' substituted by `hsb' on input line 1367.
Package xcolor Info: Model `tHsb' substituted by `hsb' on input line 1368.
Package xcolor Info: Model `HSB' substituted by `hsb' on input line 1369.
Package xcolor Info: Model `Gray' substituted by `gray' on input line 1370.
Package xcolor Info: Model `wave' substituted by `hsb' on input line 1371.
) (/usr/share/texlive/texmf-dist/tex/latex/caption/caption.sty
Package: caption 2020/01/03 v3.4h Customizing captions (AR)
 (/usr/share/texlive/texmf-dist/tex/latex/caption/caption3.sty
Package: caption3 2020/01/03 v1.8h caption3 kernel (AR)
Package caption3 Info: TeX engine: e-TeX on input line 61.
\captionmargin=\dimen149
\captionmargin@=\dimen150
\captionwidth=\dimen151
\caption@tempdima=\dimen152
\caption@indent=\dimen153
\caption@parindent=\dimen154
\caption@hangindent=\dimen155
Package caption Info: Standard document class detected.
)
\c@caption@flags=\count191
\c@continuedfloat=\count192
) (/usr/share/texlive/texmf-dist/tex/latex/sidecap/sidecap.sty
Package: sidecap 2003/06/06 v1.6f SideCap Package (RN/HjG)
 (/usr/share/texlive/texmf-dist/tex/latex/base/ifthen.sty
Package: ifthen 2014/09/29 v1.1c Standard LaTeX ifthen package (DPC)
)
\SC@BOXWD=\dimen156
\SC@CAPWD=\dimen157
\SC@tempdima=\dimen158
\SC@tempdimb=\dimen159
\c@SC@C=\count193
\SC@BOX=\box50
) (/usr/share/texlive/texmf-dist/tex/latex/tools/longtable.sty
Package: longtable 2020/01/07 v4.13 Multi-page Table package (DPC)
\LTleft=\skip65
\LTright=\skip66
\LTpre=\skip67
\LTpost=\skip68
\LTchunksize=\count194
\LTcapwidth=\dimen160
\LT@head=\box51
\LT@firsthead=\box52
\LT@foot=\box53
\LT@lastfoot=\box54
\LT@cols=\count195
\LT@rows=\count196
\c@LT@tables=\count197
\c@LT@chunks=\count198
\LT@p@ftn=\toks23
) (/usr/share/texlive/texmf-dist/tex/latex/multirow/multirow.sty
Package: multirow 2019/05/31 v2.5 Span multiple rows of a table
\multirow@colwidth=\skip69
\multirow@cntb=\count199
\multirow@dima=\skip70
\bigstrutjot=\dimen161
) (/usr/share/texlive/texmf-dist/tex/latex/SIunits/SIunits.sty
Package: SIunits 2007/12/02 v1.36 Support for the International System of units (MH)


\@qskwidth=\skip71
LaTeX Font Info:    Redeclaring font encoding TS1 on input line 46.
\symgreek=\mathgroup6
(/usr/share/texlive/texmf-dist/tex/latex/SIunits/SIunits.cfg)
Option `amssymb' provided!
) (/usr/share/texlive/texmf-dist/tex/latex/booktabs/booktabs.sty
Package: booktabs 2020/01/12 v1.61803398 Publication quality tables
\heavyrulewidth=\dimen162
\lightrulewidth=\dimen163
\cmidrulewidth=\dimen164
\belowrulesep=\dimen165
\belowbottomsep=\dimen166
\aboverulesep=\dimen167
\abovetopsep=\dimen168
\cmidrulesep=\dimen169
\cmidrulekern=\dimen170
\defaultaddspace=\dimen171
\@cmidla=\count266
\@cmidlb=\count267
\@aboverulesep=\dimen172
\@belowrulesep=\dimen173
\@thisruleclass=\count268
\@lastruleclass=\count269
\@thisrulewidth=\dimen174
) (/usr/share/texlive/texmf-dist/tex/latex/hyperref/hyperref.sty
Package: hyperref 2020/01/14 v7.00d Hypertext links for LaTeX
 (/usr/share/texlive/texmf-dist/tex/generic/ltxcmds/ltxcmds.sty
Package: ltxcmds 2019/12/15 v1.24 LaTeX kernel commands for general use (HO)
) (/usr/share/texlive/texmf-dist/tex/generic/iftex/iftex.sty
Package: iftex 2019/11/07 v1.0c TeX engine tests
) (/usr/share/texlive/texmf-dist/tex/latex/pdftexcmds/pdftexcmds.sty
Package: pdftexcmds 2019/11/24 v0.31 Utility functions of pdfTeX for LuaTeX (HO)
 (/usr/share/texlive/texmf-dist/tex/generic/infwarerr/infwarerr.sty
Package: infwarerr 2019/12/03 v1.5 Providing info/warning/error messages (HO)
)
Package pdftexcmds Info: \pdf@primitive is available.
Package pdftexcmds Info: \pdf@ifprimitive is available.
Package pdftexcmds Info: \pdfdraftmode found.
) (/usr/share/texlive/texmf-dist/tex/generic/kvsetkeys/kvsetkeys.sty
Package: kvsetkeys 2019/12/15 v1.18 Key value parser (HO)
) (/usr/share/texlive/texmf-dist/tex/generic/kvdefinekeys/kvdefinekeys.sty
Package: kvdefinekeys 2019-12-19 v1.6 Define keys (HO)
) (/usr/share/texlive/texmf-dist/tex/generic/pdfescape/pdfescape.sty
Package: pdfescape 2019/12/09 v1.15 Implements pdfTeX's escape features (HO)
) (/usr/share/texlive/texmf-dist/tex/latex/hycolor/hycolor.sty
Package: hycolor 2020-01-27 v1.10 Color options for hyperref/bookmark (HO)
) (/usr/share/texlive/texmf-dist/tex/latex/letltxmacro/letltxmacro.sty
Package: letltxmacro 2019/12/03 v1.6 Let assignment for LaTeX macros (HO)
) (/usr/share/texlive/texmf-dist/tex/latex/auxhook/auxhook.sty
Package: auxhook 2019-12-17 v1.6 Hooks for auxiliary files (HO)
) (/usr/share/texlive/texmf-dist/tex/latex/kvoptions/kvoptions.sty
Package: kvoptions 2019/11/29 v3.13 Key value format for package options (HO)
)
\@linkdim=\dimen175
\Hy@linkcounter=\count270
\Hy@pagecounter=\count271
 (/usr/share/texlive/texmf-dist/tex/latex/hyperref/pd1enc.def
File: pd1enc.def 2020/01/14 v7.00d Hyperref: PDFDocEncoding definition (HO)
Now handling font encoding PD1 ...
... no UTF-8 mapping file for font encoding PD1
) (/usr/share/texlive/texmf-dist/tex/generic/intcalc/intcalc.sty
Package: intcalc 2019/12/15 v1.3 Expandable calculations with integers (HO)
) (/usr/share/texlive/texmf-dist/tex/generic/etexcmds/etexcmds.sty
Package: etexcmds 2019/12/15 v1.7 Avoid name clashes with e-TeX commands (HO)
)
\Hy@SavedSpaceFactor=\count272
\pdfmajorversion=\count273
Package hyperref Info: Hyper figures OFF on input line 4547.
Package hyperref Info: Link nesting OFF on input line 4552.
Package hyperref Info: Hyper index ON on input line 4555.
Package hyperref Info: Plain pages OFF on input line 4562.
Package hyperref Info: Backreferencing OFF on input line 4567.
Package hyperref Info: Implicit mode ON; LaTeX internals redefined.
Package hyperref Info: Bookmarks ON on input line 4800.
\c@Hy@tempcnt=\count274
 (/usr/share/texlive/texmf-dist/tex/latex/url/url.sty
\Urlmuskip=\muskip17
Package: url 2013/09/16  ver 3.4  Verb mode for urls, etc.
)
LaTeX Info: Redefining \url on input line 5159.
\XeTeXLinkMargin=\dimen176
 (/usr/share/texlive/texmf-dist/tex/generic/bitset/bitset.sty
Package: bitset 2019/12/09 v1.3 Handle bit-vector datatype (HO)
 (/usr/share/texlive/texmf-dist/tex/generic/bigintcalc/bigintcalc.sty
Package: bigintcalc 2019/12/15 v1.5 Expandable calculations on big integers (HO)
))
\Fld@menulength=\count275
\Field@Width=\dimen177
\Fld@charsize=\dimen178
Package hyperref Info: Hyper figures OFF on input line 6430.
Package hyperref Info: Link nesting OFF on input line 6435.
Package hyperref Info: Hyper index ON on input line 6438.
Package hyperref Info: backreferencing OFF on input line 6445.
Package hyperref Info: Link coloring OFF on input line 6450.
Package hyperref Info: Link coloring with OCG OFF on input line 6455.
Package hyperref Info: PDF/A mode OFF on input line 6460.
LaTeX Info: Redefining \ref on input line 6500.
LaTeX Info: Redefining \pageref on input line 6504.
 (/usr/share/texlive/texmf-dist/tex/generic/atbegshi/atbegshi.sty
Package: atbegshi 2019/12/05 v1.19 At begin shipout hook (HO)
)
\Hy@abspage=\count276
\c@Item=\count277
\c@Hfootnote=\count278
)
Package hyperref Info: Driver (autodetected): hpdftex.
 (/usr/share/texlive/texmf-dist/tex/latex/hyperref/hpdftex.def
File: hpdftex.def 2020/01/14 v7.00d Hyperref driver for pdfTeX
 (/usr/share/texlive/texmf-dist/tex/latex/atveryend/atveryend.sty
Package: atveryend 2019-12-11 v1.11 Hooks at the very end of document (HO)
Package atveryend Info: \enddocument detected (standard20110627).
)
\Fld@listcount=\count279
\c@bookmark@seq@number=\count280
 (/usr/share/texlive/texmf-dist/tex/latex/rerunfilecheck/rerunfilecheck.sty
Package: rerunfilecheck 2019/12/05 v1.9 Rerun checks for auxiliary files (HO)
 (/usr/share/texlive/texmf-dist/tex/generic/uniquecounter/uniquecounter.sty
Package: uniquecounter 2019/12/15 v1.4 Provide unlimited unique counter (HO)
)
Package uniquecounter Info: New unique counter `rerunfilecheck' on input line 286.
)
\Hy@SectionHShift=\skip72
) (/usr/share/texlive/texmf-dist/tex/latex/float/float.sty
Package: float 2001/11/08 v1.3d Float enhancements (AL)
\c@float@type=\count281
\float@exts=\toks24
\float@box=\box55
\@float@everytoks=\toks25
\@floatcapt=\box56
) (/usr/share/texlive/texmf-dist/tex/latex/titlesec/titlesec.sty
Package: titlesec 2019/10/16 v2.13 Sectioning titles
\ttl@box=\box57
\beforetitleunit=\skip73
\aftertitleunit=\skip74
\ttl@plus=\dimen179
\ttl@minus=\dimen180
\ttl@toksa=\toks26
\titlewidth=\dimen181
\titlewidthlast=\dimen182
\titlewidthfirst=\dimen183
) (/usr/share/texlive/texmf-dist/tex/latex/natbib/natbib.sty
Package: natbib 2010/09/13 8.31b (PWD, AO)
\bibhang=\skip75
\bibsep=\skip76
LaTeX Info: Redefining \cite on input line 694.
\c@NAT@ctr=\count282
) (/usr/share/texlive/texmf-dist/tex/latex/l3backend/l3backend-pdfmode.def
File: l3backend-pdfmode.def 2020-02-03 L3 backend support: PDF mode
\l__kernel_color_stack_int=\count283
\l__pdf_internal_box=\box58
) (/home/jonathan/code/tlab/tlab_ibm/doc/manual.aux (/home/jonathan/code/tlab/tlab_ibm/doc/preface.aux) (/home/jonathan/code/tlab/tlab_ibm/doc/equations.aux) (/home/jonathan/code/tlab/tlab_ibm/doc/bcs.aux) (/home/jonathan/code/tlab/tlab_ibm/doc/code.aux) (/home/jonathan/code/tlab/tlab_ibm/doc/grid.aux) (/home/jonathan/code/tlab/tlab_ibm/doc/postprocessing.aux) (/home/jonathan/code/tlab/tlab_ibm/doc/numerical.aux) (/home/jonathan/code/tlab/tlab_ibm/doc/decomposition.aux) (/home/jonathan/code/tlab/tlab_ibm/doc/scaling.aux) (/home/jonathan/code/tlab/tlab_ibm/doc/profiling.aux))
\openout1 = `manual.aux'.

LaTeX Font Info:    Checking defaults for OML/cmm/m/it on input line 61.
LaTeX Font Info:    ... okay on input line 61.
LaTeX Font Info:    Checking defaults for OMS/cmsy/m/n on input line 61.
LaTeX Font Info:    ... okay on input line 61.
LaTeX Font Info:    Checking defaults for OT1/cmr/m/n on input line 61.
LaTeX Font Info:    ... okay on input line 61.
LaTeX Font Info:    Checking defaults for T1/cmr/m/n on input line 61.
LaTeX Font Info:    ... okay on input line 61.
LaTeX Font Info:    Checking defaults for TS1/cmr/m/n on input line 61.
LaTeX Font Info:    ... okay on input line 61.
LaTeX Font Info:    Checking defaults for OMX/cmex/m/n on input line 61.
LaTeX Font Info:    ... okay on input line 61.
LaTeX Font Info:    Checking defaults for U/cmr/m/n on input line 61.
LaTeX Font Info:    ... okay on input line 61.
LaTeX Font Info:    Checking defaults for PD1/pdf/m/n on input line 61.
LaTeX Font Info:    ... okay on input line 61.
 (/usr/share/texlive/texmf-dist/tex/context/base/mkii/supp-pdf.mkii
[Loading MPS to PDF converter (version 2006.09.02).]
\scratchcounter=\count284
\scratchdimen=\dimen184
\scratchbox=\box59
\nofMPsegments=\count285
\nofMParguments=\count286
\everyMPshowfont=\toks27
\MPscratchCnt=\count287
\MPscratchDim=\dimen185
\MPnumerator=\count288
\makeMPintoPDFobject=\count289
\everyMPtoPDFconversion=\toks28
) (/usr/share/texlive/texmf-dist/tex/latex/epstopdf-pkg/epstopdf-base.sty
Package: epstopdf-base 2020-01-24 v2.11 Base part for package epstopdf
Package epstopdf-base Info: Redefining graphics rule for `.eps' on input line 485.
 (/usr/share/texlive/texmf-dist/tex/latex/latexconfig/epstopdf-sys.cfg
File: epstopdf-sys.cfg 2010/07/13 v1.3 Configuration of (r)epstopdf for TeX Live
))
Package caption Info: Begin \AtBeginDocument code.
Package caption Info: float package is loaded.
Package caption Info: hyperref package is loaded.
Package caption Info: longtable package is loaded.
 (/usr/share/texlive/texmf-dist/tex/latex/caption/ltcaption.sty
Package: ltcaption 2018/08/26 v1.4a longtable captions (AR)
)
Package caption Info: sidecap package is loaded.
Package caption Info: End \AtBeginDocument code.
 (/usr/share/texlive/texmf-dist/tex/latex/ragged2e/ragged2e.sty
Package: ragged2e 2019/07/28 v2.2 ragged2e Package (MS)
 (/usr/share/texlive/texmf-dist/tex/latex/ms/everysel.sty
Package: everysel 2011/10/28 v1.2 EverySelectfont Package (MS)
 ABD: EverySelectfont initializing macros
LaTeX Info: Redefining \selectfont on input line 126.
)
\CenteringLeftskip=\skip77
\RaggedLeftLeftskip=\skip78
\RaggedRightLeftskip=\skip79
\CenteringRightskip=\skip80
\RaggedLeftRightskip=\skip81
\RaggedRightRightskip=\skip82
\CenteringParfillskip=\skip83
\RaggedLeftParfillskip=\skip84
\RaggedRightParfillskip=\skip85
\JustifyingParfillskip=\skip86
\CenteringParindent=\skip87
\RaggedLeftParindent=\skip88
\RaggedRightParindent=\skip89
\JustifyingParindent=\skip90
)
Option `amssymb' provided! 
 Command \square redefined by SIunits package!

\AtBeginShipoutBox=\box60
Package hyperref Info: Link coloring OFF on input line 61.
(/usr/share/texlive/texmf-dist/tex/latex/hyperref/nameref.sty
Package: nameref 2019/09/16 v2.46 Cross-referencing by name of section
 (/usr/share/texlive/texmf-dist/tex/latex/refcount/refcount.sty
Package: refcount 2019/12/15 v3.6 Data extraction from label references (HO)
) (/usr/share/texlive/texmf-dist/tex/generic/gettitlestring/gettitlestring.sty
Package: gettitlestring 2019/12/15 v1.6 Cleanup title references (HO)
)
\c@section@level=\count290
)
LaTeX Info: Redefining \ref on input line 61.
LaTeX Info: Redefining \pageref on input line 61.
LaTeX Info: Redefining \nameref on input line 61.
 (/home/jonathan/code/tlab/tlab_ibm/doc/manual.out) (/home/jonathan/code/tlab/tlab_ibm/doc/manual.out)
\@outlinefile=\write3
\openout3 = `manual.out'.

LaTeX Font Info:    Trying to load font information for U+msa on input line 66.
 (/usr/share/texlive/texmf-dist/tex/latex/amsfonts/umsa.fd
File: umsa.fd 2013/01/14 v3.01 AMS symbols A
)
LaTeX Font Info:    Trying to load font information for U+msb on input line 66.
 (/usr/share/texlive/texmf-dist/tex/latex/amsfonts/umsb.fd
File: umsb.fd 2013/01/14 v3.01 AMS symbols B
) [1



{/var/lib/texmf/fonts/map/pdftex/updmap/pdftex.map}] [2

] (/home/jonathan/code/tlab/tlab_ibm/doc/manual.toc [3])
\tf@toc=\write4
\openout4 = `manual.toc'.

 [4]
\openout2 = `preface.aux'.

 (/home/jonathan/code/tlab/tlab_ibm/doc/preface.tex
Underfull \hbox (badness 2005) in paragraph at lines 5--6
[]\OT1/cmss/m/n/10.95 This doc-u-ment has been de-rived from the DNS/CHEM doc-u-ment, orig-i-nally cre-ated at
 []


Underfull \hbox (badness 1112) in paragraph at lines 5--6
\OT1/cmss/m/n/10.95 the Com-pu-ta-tional Fluid Dy-nam-ics Lab-o-ra-tory at UC San Diego be-tween 1999 and 2004
 []

[5


] [6

]) [7] [8


] [1

] [2]
\openout2 = `equations.aux'.

 (/home/jonathan/code/tlab/tlab_ibm/doc/equations.tex
Chapter 1.
[3


] [4]
LaTeX Font Info:    Font shape `OT1/cmss/m/it' in size <10.95> not available
(Font)              Font shape `OT1/cmss/m/sl' tried instead on input line 191.
 [5] [6]) [7]
\openout2 = `bcs.aux'.

 (/home/jonathan/code/tlab/tlab_ibm/doc/bcs.tex [8



]
Chapter 2.
<figs/profiles1.pdf, id=430, 289.08pt x 216.81pt>
File: figs/profiles1.pdf Graphic file (type pdf)
<use figs/profiles1.pdf>
Package pdftex.def Info: figs/profiles1.pdf  used on input line 36.
(pdftex.def)             Requested size: 273.14922pt x 204.87329pt.

LaTeX Warning: `!h' float specifier changed to `!ht'.

[9 </home/jonathan/code/tlab/tlab_ibm/doc/figs/profiles1.pdf>] [10]
<figs/spectra.pdf, id=488, 289.08pt x 216.81pt>
File: figs/spectra.pdf Graphic file (type pdf)
<use figs/spectra.pdf>
Package pdftex.def Info: figs/spectra.pdf  used on input line 116.
(pdftex.def)             Requested size: 273.14922pt x 204.87329pt.
) [11 </home/jonathan/code/tlab/tlab_ibm/doc/figs/spectra.pdf>] [12]
\openout2 = `code.aux'.

 (/home/jonathan/code/tlab/tlab_ibm/doc/code.tex
Chapter 3.

Underfull \vbox (badness 10000) has occurred while \output is active []

 [13



]
LaTeX Font Info:    Font shape `OT1/cmss/m/it' in size <9> not available
(Font)              Font shape `OT1/cmss/m/sl' tried instead on input line 121.

Overfull \hbox (2.59035pt too wide) in paragraph at lines 134--134
[]|\OT1/cmtt/m/n/9 CalculateScalar| 
 []


Underfull \hbox (badness 10000) in paragraph at lines 135--135
[]|\OT1/cmtt/m/n/9 internal, total,
 []


Underfull \hbox (badness 10000) in paragraph at lines 136--136
[]|\OT1/cmtt/m/n/9 None, AirVapor, AirWater,
 []


Underfull \hbox (badness 10000) in paragraph at lines 137--137
[]|\OT1/cmtt/m/n/9 divergence, convective,
 []


Underfull \hbox (badness 10000) in paragraph at lines 140--140
[]|\OT1/cmtt/m/n/9 None, Explicit, Homogeneous,
 []


Underfull \hbox (badness 10000) in paragraph at lines 142--142
[]|\OT1/cmtt/m/n/9 None, Bulk1dGlobal,
 []


Underfull \hbox (badness 10000) in paragraph at lines 143--143
[]|\OT1/cmtt/m/n/9 CompactJacobian4,
 []


Underfull \hbox (badness 10000) in paragraph at lines 143--143
\OT1/cmtt/m/n/9 CompactJacobian6,
 []


Underfull \hbox (badness 10000) in paragraph at lines 144--144
[]|\OT1/cmtt/m/n/9 RungeKuttaExplicit3,
 []


Underfull \hbox (badness 10000) in paragraph at lines 144--144
\OT1/cmtt/m/n/9 RungeKuttaExplicit4,
 []

[14]
Underfull \hbox (badness 10000) in paragraph at lines 248--248
[]|\OT1/cmtt/m/n/9 none, relaxation, filter,
 []

[15]
Overfull \hbox (2.59035pt too wide) in paragraph at lines 269--269
[]|\OT1/cmtt/m/n/9 ProfileVelocity| 
 []


Underfull \hbox (badness 10000) in paragraph at lines 340--340
[]|\OT1/cmtt/m/n/9 None, VelocityDiscrete,
 []


Underfull \hbox (badness 10000) in paragraph at lines 340--340
\OT1/cmtt/m/n/9 VelocityBroadband,
 []


Underfull \hbox (badness 10000) in paragraph at lines 340--340
\OT1/cmtt/m/n/9 VorticityBroadband,
 []


Underfull \hbox (badness 10000) in paragraph at lines 341--341
[]|\OT1/cmtt/m/n/9 None, PlaneBroadband,
 []


Underfull \hbox (badness 10000) in paragraph at lines 342--343
[]|\OT1/cmtt/m/n/9 None, LayerDiscrete,
 []


Underfull \hbox (badness 10000) in paragraph at lines 342--343
\OT1/cmtt/m/n/9 LayerBroadband,
 []


Underfull \hbox (badness 10000) in paragraph at lines 342--343
\OT1/cmtt/m/n/9 PlaneDiscrete,
 []


Underfull \hbox (badness 10000) in paragraph at lines 342--343
\OT1/cmtt/m/n/9 PlaneBroadband,
 []


Underfull \hbox (badness 10000) in paragraph at lines 342--343
\OT1/cmtt/m/n/9 DeltaDiscrete,
 []


Underfull \hbox (badness 10000) in paragraph at lines 342--343
\OT1/cmtt/m/n/9 DeltaBroadband,
 []


Overfull \hbox (2.59035pt too wide) in paragraph at lines 344--344
[]|\OT1/cmtt/m/n/9 ForceDilatation| 
 []

LaTeX Font Info:    Trying to load font information for OMS+cmtt on input line 345.
LaTeX Font Info:    No file OMScmtt.fd. on input line 345.

LaTeX Font Warning: Font shape `OMS/cmtt/m/n' undefined
(Font)              using `OMS/cmsy/m/n' instead
(Font)              for symbol `textbraceleft' on input line 345.


Overfull \hbox (2.3904pt too wide) in paragraph at lines 345--345
[]|\OT1/cmtt/m/n/9 ProfileIni\OMS/cmtt/m/n/9 f\OT1/cmtt/m/n/9 K,S\OMS/cmtt/m/n/9 g| 
 []


Underfull \hbox (badness 10000) in paragraph at lines 351--351
[]|\OT1/cmtt/m/n/9 None, Equilibrium,
 []

[16]
Underfull \hbox (badness 10000) in paragraph at lines 361--361
[]|\OT1/cmtt/m/n/9 None, TopHat, Helmholtz,
 []


Underfull \hbox (badness 10000) in paragraph at lines 361--361
\OT1/cmtt/m/n/9 Compact, Adm, Explicit6,
 []


Underfull \hbox (badness 10000) in paragraph at lines 361--361
\OT1/cmtt/m/n/9 Explicit4, SpectralBand,
 []


Underfull \hbox (badness 10000) in paragraph at lines 406--406
[]|\OT1/cmtt/m/n/9 None, BroadbandSequential,
 []

LaTeX Font Info:    Trying to load font information for OMS+cmss on input line 421.
LaTeX Font Info:    No file OMScmss.fd. on input line 421.

LaTeX Font Warning: Font shape `OMS/cmss/m/n' undefined
(Font)              using `OMS/cmsy/m/n' instead
(Font)              for symbol `textbraceleft' on input line 421.

[17]) [18]
\openout2 = `grid.aux'.

 (/home/jonathan/code/tlab/tlab_ibm/doc/grid.tex
Chapter 4.
[19



] [20]) [21]
\openout2 = `postprocessing.aux'.

 (/home/jonathan/code/tlab/tlab_ibm/doc/postprocessing.tex [22



]
Chapter 5.

Overfull \hbox (27.37506pt too wide) in paragraph at lines 54--73
[]
 []

[23]
LaTeX Font Info:    Trying to load font information for TS1+cmss on input line 99.
 (/usr/share/texlive/texmf-dist/tex/latex/base/ts1cmss.fd
File: ts1cmss.fd 2019/12/16 v2.5j Standard LaTeX font definitions
) [24]
Underfull \hbox (badness 1596) in paragraph at lines 142--148
[]\OT1/cmss/m/n/10.95 The sum above can be in-ter-preted as the trapezoidal-rule ap-prox-i-ma-tion to the in-te-gral
 []

[25] [26] [27] [28]) [29] [30


] [31] [32]
\openout2 = `numerical.aux'.

 (/home/jonathan/code/tlab/tlab_ibm/doc/numerical.tex
Chapter 6.
[33


] [34] [35]
<figs/fdm1.pdf, id=816, 289.08pt x 216.81pt>
File: figs/fdm1.pdf Graphic file (type pdf)
<use figs/fdm1.pdf>
Package pdftex.def Info: figs/fdm1.pdf  used on input line 144.
(pdftex.def)             Requested size: 223.0721pt x 167.3015pt.
<figs/fdm2.pdf, id=818, 289.08pt x 216.81pt>
File: figs/fdm2.pdf Graphic file (type pdf)
<use figs/fdm2.pdf>
Package pdftex.def Info: figs/fdm2.pdf  used on input line 145.
(pdftex.def)             Requested size: 223.0721pt x 167.3015pt.
 [36 </home/jonathan/code/tlab/tlab_ibm/doc/figs/fdm1.pdf> </home/jonathan/code/tlab/tlab_ibm/doc/figs/fdm2.pdf>] [37] [38] [39] [40]
<figs/rkm4.pdf, id=984, 560.08594pt x 422.83275pt>
File: figs/rkm4.pdf Graphic file (type pdf)
<use figs/rkm4.pdf>
Package pdftex.def Info: figs/rkm4.pdf  used on input line 386.
(pdftex.def)             Requested size: 422.12305pt x 318.66946pt.
 [41] [42 </home/jonathan/code/tlab/tlab_ibm/doc/figs/rkm4.pdf>]
<figs/rkm3.pdf, id=1037, 514.47304pt x 423.17366pt>
File: figs/rkm3.pdf Graphic file (type pdf)
<use figs/rkm3.pdf>
Package pdftex.def Info: figs/rkm3.pdf  used on input line 417.
(pdftex.def)             Requested size: 387.43173pt x 318.66946pt.
 [43 </home/jonathan/code/tlab/tlab_ibm/doc/figs/rkm3.pdf>]
<figs/RK3_imp_diss.jpg, id=1082, 4015.0pt x 3932.6925pt>
File: figs/RK3_imp_diss.jpg Graphic file (type jpg)
<use figs/RK3_imp_diss.jpg>
Package pdftex.def Info: figs/RK3_imp_diss.jpg  used on input line 497.
(pdftex.def)             Requested size: 223.0721pt x 218.48904pt.
<figs/RK3_imp_disp.jpg, id=1084, 4015.0pt x 3932.6925pt>
File: figs/RK3_imp_disp.jpg Graphic file (type jpg)
<use figs/RK3_imp_disp.jpg>
Package pdftex.def Info: figs/RK3_imp_disp.jpg  used on input line 498.
(pdftex.def)             Requested size: 223.0721pt x 218.48904pt.
) [44] [45 </home/jonathan/code/tlab/tlab_ibm/doc/figs/RK3_imp_diss.jpg> </home/jonathan/code/tlab/tlab_ibm/doc/figs/RK3_imp_disp.jpg>]
\openout2 = `decomposition.aux'.

 (/home/jonathan/code/tlab/tlab_ibm/doc/decomposition.tex [46



]
Chapter 7.
<figs/parallel01a.pdf, id=1108, 339.78401pt x 524.28502pt>
File: figs/parallel01a.pdf Graphic file (type pdf)
<use figs/parallel01a.pdf>
Package pdftex.def Info: figs/parallel01a.pdf  used on input line 25.
(pdftex.def)             Requested size: 236.03253pt x 364.19664pt.
[47 </home/jonathan/code/tlab/tlab_ibm/doc/figs/parallel01a.pdf>]
<figs/parallel01b.pdf, id=1135, 339.69157pt x 510.9826pt>
File: figs/parallel01b.pdf Graphic file (type pdf)
<use figs/parallel01b.pdf>
Package pdftex.def Info: figs/parallel01b.pdf  used on input line 66.
(pdftex.def)             Requested size: 242.11568pt x 364.19664pt.
<figs/parallel02.pdf, id=1140, 218.12762pt x 334.11992pt>
File: figs/parallel02.pdf Graphic file (type pdf)
<use figs/parallel02.pdf>
Package pdftex.def Info: figs/parallel02.pdf  used on input line 95.
(pdftex.def)             Requested size: 178.33658pt x 273.14922pt.
 [48 </home/jonathan/code/tlab/tlab_ibm/doc/figs/parallel01b.pdf>]) [49 </home/jonathan/code/tlab/tlab_ibm/doc/figs/parallel02.pdf>]
\openout2 = `scaling.aux'.

 (/home/jonathan/code/tlab/tlab_ibm/doc/scaling.tex [50



]
Chapter 8.
LaTeX Font Info:    Font shape `OT1/cmtt/bx/n' in size <14.4> not available
(Font)              Font shape `OT1/cmtt/m/n' tried instead on input line 37.

Overfull \hbox (7.67366pt too wide) in paragraph at lines 58--58
[]|\OT1/cmss/m/n/10.95 1024| 
 []


Overfull \hbox (7.67366pt too wide) in paragraph at lines 58--58
[]|\OT1/cmss/m/n/10.95 1024| 
 []


Overfull \hbox (2.19865pt too wide) in paragraph at lines 58--58
[]|\OT1/cmss/m/n/10.95 384| 
 []


Underfull \hbox (badness 10000) in paragraph at lines 58--59
[]|\OT1/cmss/m/n/10.95 384
 []


Overfull \hbox (7.67366pt too wide) in paragraph at lines 59--59
[]|\OT1/cmss/m/n/10.95 2048| 
 []


Overfull \hbox (7.67366pt too wide) in paragraph at lines 59--59
[]|\OT1/cmss/m/n/10.95 2048| 
 []


Overfull \hbox (2.19865pt too wide) in paragraph at lines 59--59
[]|\OT1/cmss/m/n/10.95 192| 
 []


Underfull \hbox (badness 10000) in paragraph at lines 59--60
[]|\OT1/cmss/m/n/10.95 768
 []


Overfull \hbox (7.67366pt too wide) in paragraph at lines 60--60
[]|\OT1/cmss/m/n/10.95 2048| 
 []


Overfull \hbox (7.67366pt too wide) in paragraph at lines 60--60
[]|\OT1/cmss/m/n/10.95 2048| 
 []


Overfull \hbox (7.67366pt too wide) in paragraph at lines 60--60
[]|\OT1/cmss/m/n/10.95 1024| 
 []


Overfull \hbox (7.67366pt too wide) in paragraph at lines 61--61
[]|\OT1/cmss/m/n/10.95 3072| 
 []


Overfull \hbox (7.67366pt too wide) in paragraph at lines 61--61
[]|\OT1/cmss/m/n/10.95 3072| 
 []


Overfull \hbox (7.67366pt too wide) in paragraph at lines 61--61
[]|\OT1/cmss/m/n/10.95 1536| 
 []


Overfull \hbox (7.67366pt too wide) in paragraph at lines 62--62
[]|\OT1/cmss/m/n/10.95 4096| 
 []


Overfull \hbox (7.67366pt too wide) in paragraph at lines 62--62
[]|\OT1/cmss/m/n/10.95 4096| 
 []


Overfull \hbox (7.67366pt too wide) in paragraph at lines 62--62
[]|\OT1/cmss/m/n/10.95 1536| 
 []


Overfull \hbox (7.67366pt too wide) in paragraph at lines 63--63
[]|\OT1/cmss/m/n/10.95 4096| 
 []


Overfull \hbox (7.67366pt too wide) in paragraph at lines 63--63
[]|\OT1/cmss/m/n/10.95 4096| 
 []


Overfull \hbox (7.67366pt too wide) in paragraph at lines 63--63
[]|\OT1/cmss/m/n/10.95 2048| 
 []

[51]
<figs/matrices_1.pdf, id=1188, 734.81294pt x 490.42024pt>
File: figs/matrices_1.pdf Graphic file (type pdf)
<use figs/matrices_1.pdf>
Package pdftex.def Info: figs/matrices_1.pdf  used on input line 99.
(pdftex.def)             Requested size: 613.89738pt x 409.71689pt.
<figs/matrices_2.pdf, id=1189, 732.96559pt x 459.90004pt>
File: figs/matrices_2.pdf Graphic file (type pdf)
<use figs/matrices_2.pdf>
Package pdftex.def Info: figs/matrices_2.pdf  used on input line 112.
(pdftex.def)             Requested size: 653.01956pt x 409.71689pt.
 [52] [53 </home/jonathan/code/tlab/tlab_ibm/doc/figs/matrices_1.pdf>] [54 </home/jonathan/code/tlab/tlab_ibm/doc/figs/matrices_2.pdf>]
<figs/scaling_overview.pdf, id=1257, 475.67651pt x 361.92787pt>
File: figs/scaling_overview.pdf Graphic file (type pdf)
<use figs/scaling_overview.pdf>
Package pdftex.def Info: figs/scaling_overview.pdf  used on input line 160.
(pdftex.def)             Requested size: 455.24408pt x 346.39198pt.

Underfull \hbox (badness 10000) in paragraph at lines 160--163

 []

<figs/weak_scaling1.pdf, id=1263, 433.48709pt x 234.80553pt>
File: figs/weak_scaling1.pdf Graphic file (type pdf)
<use figs/weak_scaling1.pdf>
Package pdftex.def Info: figs/weak_scaling1.pdf  used on input line 181.
(pdftex.def)             Requested size: 227.62204pt x 123.29265pt.
<figs/weak_scaling2.pdf, id=1264, 446.30643pt x 238.40678pt>
File: figs/weak_scaling2.pdf Graphic file (type pdf)
<use figs/weak_scaling2.pdf>
Package pdftex.def Info: figs/weak_scaling2.pdf  used on input line 182.
(pdftex.def)             Requested size: 227.62204pt x 121.58948pt.

Underfull \vbox (badness 10000) has occurred while \output is active []

 [55 </home/jonathan/code/tlab/tlab_ibm/doc/figs/scaling_overview.pdf>]) [56 </home/jonathan/code/tlab/tlab_ibm/doc/figs/weak_scaling1.pdf> </home/jonathan/code/tlab/tlab_ibm/doc/figs/weak_scaling2.pdf>] [57]
\openout2 = `profiling.aux'.

 (/home/jonathan/code/tlab/tlab_ibm/doc/profiling.tex [58



]
Chapter 9.
<figs/profiling.pdf, id=1528, 1119.18124pt x 952.55875pt>
File: figs/profiling.pdf Graphic file (type pdf)
<use figs/profiling.pdf>
Package pdftex.def Info: figs/profiling.pdf  used on input line 7.
(pdftex.def)             Requested size: 409.71689pt x 348.72029pt.
<figs/profiling2.pdf, id=1530, 1424.32124pt x 860.21375pt>
File: figs/profiling2.pdf Graphic file (type pdf)
<use figs/profiling2.pdf>
Package pdftex.def Info: figs/profiling2.pdf  used on input line 13.
(pdftex.def)             Requested size: 409.71689pt x 247.44734pt.

Underfull \vbox (badness 10000) has occurred while \output is active []

 [59 </home/jonathan/code/tlab/tlab_ibm/doc/figs/profiling.pdf>]) [60 </home/jonathan/code/tlab/tlab_ibm/doc/figs/profiling2.pdf>] (/home/jonathan/code/tlab/tlab_ibm/doc/manual.bbl)
Package atveryend Info: Empty hook `BeforeClearDocument' on input line 91.
 [61



]
Package atveryend Info: Empty hook `AfterLastShipout' on input line 91.
 (/home/jonathan/code/tlab/tlab_ibm/doc/manual.aux (/home/jonathan/code/tlab/tlab_ibm/doc/preface.aux) (/home/jonathan/code/tlab/tlab_ibm/doc/equations.aux) (/home/jonathan/code/tlab/tlab_ibm/doc/bcs.aux) (/home/jonathan/code/tlab/tlab_ibm/doc/code.aux) (/home/jonathan/code/tlab/tlab_ibm/doc/grid.aux) (/home/jonathan/code/tlab/tlab_ibm/doc/postprocessing.aux) (/home/jonathan/code/tlab/tlab_ibm/doc/numerical.aux) (/home/jonathan/code/tlab/tlab_ibm/doc/decomposition.aux) (/home/jonathan/code/tlab/tlab_ibm/doc/scaling.aux) (/home/jonathan/code/tlab/tlab_ibm/doc/profiling.aux))
Package atveryend Info: Executing hook `AtVeryEndDocument' on input line 91.
Package atveryend Info: Executing hook `AtEndAfterFileList' on input line 91.
Package rerunfilecheck Info: File `manual.out' has not changed.
(rerunfilecheck)             Checksum: 4324D26E70FE28ADC1BE6161317FBF68;3806.


LaTeX Font Warning: Some font shapes were not available, defaults substituted.

Package atveryend Info: Empty hook `AtVeryVeryEnd' on input line 91.
 )
(\end occurred inside a group at level 1)

### simple group (level 1) entered at line 308 ({)
### bottom level 
Here is how much of TeX's memory you used:
 10903 strings out of 481239
 162287 string characters out of 5920376
 461672 words of memory out of 5000000
 25456 multiletter control sequences out of 15000+600000
 556766 words of font info for 115 fonts, out of 8000000 for 9000
 1141 hyphenation exceptions out of 8191
 41i,18n,52p,1764b,494s stack positions out of 5000i,500n,10000p,200000b,80000s
{/usr/share/texmf/fonts/enc/dvips/cm-super/cm-super-ts1.enc}</usr/share/texlive/texmf-dist/fonts/type1/public/amsfonts/cm/cmbx10.pfb></usr/share/texlive/texmf-dist/fonts/type1/public/amsfonts/cm/cmbx8.pfb></usr/share/texlive/texmf-dist/fonts/type1/public/amsfonts/cm/cmbx9.pfb></usr/share/texlive/texmf-dist/fonts/type1/public/amsfonts/cm/cmex10.pfb></usr/share/texlive/texmf-dist/fonts/type1/public/amsfonts/cm/cmmi10.pfb></usr/share/texlive/texmf-dist/fonts/type1/public/amsfonts/cm/cmmi6.pfb></usr/share/texlive/texmf-dist/fonts/type1/public/amsfonts/cm/cmmi8.pfb></usr/share/texlive/texmf-dist/fonts/type1/public/amsfonts/cm/cmmi9.pfb></usr/share/texlive/texmf-dist/fonts/type1/public/amsfonts/cm/cmmib10.pfb></usr/share/texlive/texmf-dist/fonts/type1/public/amsfonts/cmextra/cmmib9.pfb></usr/share/texlive/texmf-dist/fonts/type1/public/amsfonts/cm/cmr10.pfb></usr/share/texlive/texmf-dist/fonts/type1/public/amsfonts/cm/cmr6.pfb></usr/share/texlive/texmf-dist/fonts/type1/public/amsfonts/cm/cmr7.pfb></usr/share/texlive/texmf-dist/fonts/type1/public/amsfonts/cm/cmr8.pfb></usr/share/texlive/texmf-dist/fonts/type1/public/amsfonts/cm/cmr9.pfb></usr/share/texlive/texmf-dist/fonts/type1/public/amsfonts/cm/cmss10.pfb></usr/share/texlive/texmf-dist/fonts/type1/public/amsfonts/cm/cmss12.pfb></usr/share/texlive/texmf-dist/fonts/type1/public/amsfonts/cm/cmss17.pfb></usr/share/texlive/texmf-dist/fonts/type1/public/amsfonts/cm/cmss8.pfb></usr/share/texlive/texmf-dist/fonts/type1/public/amsfonts/cm/cmss9.pfb></usr/share/texlive/texmf-dist/fonts/type1/public/amsfonts/cm/cmssbx10.pfb></usr/share/texlive/texmf-dist/fonts/type1/public/amsfonts/cm/cmssi10.pfb></usr/share/texlive/texmf-dist/fonts/type1/public/amsfonts/cm/cmssi9.pfb></usr/share/texlive/texmf-dist/fonts/type1/public/amsfonts/cm/cmsy10.pfb></usr/share/texlive/texmf-dist/fonts/type1/public/amsfonts/cm/cmsy6.pfb></usr/share/texlive/texmf-dist/fonts/type1/public/amsfonts/cm/cmsy7.pfb></usr/share/texlive/texmf-dist/fonts/type1/public/amsfonts/cm/cmsy8.pfb></usr/share/texlive/texmf-dist/fonts/type1/public/amsfonts/cm/cmsy9.pfb></usr/share/texlive/texmf-dist/fonts/type1/public/amsfonts/cm/cmtt10.pfb></usr/share/texlive/texmf-dist/fonts/type1/public/amsfonts/cm/cmtt12.pfb></usr/share/texlive/texmf-dist/fonts/type1/public/amsfonts/cm/cmtt8.pfb></usr/share/texlive/texmf-dist/fonts/type1/public/amsfonts/cm/cmtt9.pfb></usr/share/texlive/texmf-dist/fonts/type1/public/amsfonts/symbols/msbm10.pfb></usr/share/texmf/fonts/type1/public/cm-super/sfss1095.pfb>
Output written on /home/jonathan/code/tlab/tlab_ibm/doc/manual.pdf (69 pages, 2477161 bytes).
PDF statistics:
 1761 PDF objects out of 2073 (max. 8388607)
 1466 compressed objects within 15 object streams
 398 named destinations out of 1000 (max. 500000)
 599 words of extra memory for PDF output out of 10000 (max. 10000000)

